<?xml version="1.0" encoding="UTF-8"?>
<!-- Generated by org.testng.reporters.JUnitReportReporter -->
<testsuite hostname="DESKTOP-L9JMAV8" failures="0" tests="4" name="tests.UserTests" time="20.722" errors="0" timestamp="2025-09-04T14:51:18 EET" skipped="0">
  <testcase classname="tests.UserTests" name="testSignup" time="5.507"/>
  <testcase classname="tests.UserTests" name="testLogout" time="1.953"/>
  <testcase classname="tests.UserTests" name="testLogin" time="2.903"/>
  <testcase classname="tests.UserTests" name="testAddToCartAndCheckout" time="10.359"/>
</testsuite> <!-- tests.UserTests -->
